number,value,state,params_class_weight_benign,params_classifier_dropout,params_entropy_lambda,params_learning_rate,params_patch_proj_dropout,params_weight_decay,user_attrs_best_avg_val_loss,user_attrs_best_epoch,user_attrs_best_epoch_fold_val_accs,user_attrs_best_epoch_fold_val_losses,user_attrs_early_stopped_epoch,user_attrs_per_fold_best_val_loss,user_attrs_pruned_epoch
61,0.3128951300708277,COMPLETE,2.20049873448097,0.20018313836556587,0.000439926719234131,3.225701960268438e-05,0.24537473387274197,0.0003200495290934531,0.3128951300708277,7.0,"[0.7777777777777778, 0.9444444444444444, 0.9473684210526315, 0.8947368421052632, 0.8947368421052632]","[0.3664532972729325, 0.19878779509842084, 0.23689454104935162, 0.4891102299052842, 0.27322978702814954]",18.0,"[0.3124277519754186, 0.18726219688096535, 0.234701986074996, 0.3805907598059428, 0.27322978702814954]",
62,0.40652512147238384,PRUNED,2.3058870854756073,0.2095041299093467,0.000584508810688073,1.3828015915727123e-05,0.22232222900926407,0.0003675405159981097,,,,,,,7.0
63,0.26081930047718854,COMPLETE,2.3814132269837534,0.22074247816717807,0.0004818534120503395,5.434992710354755e-05,0.2886336464532182,0.0007147505273187456,0.26081930047718854,7.0,"[0.7777777777777778, 0.9444444444444444, 0.8947368421052632, 0.8421052631578947, 0.8947368421052632]","[0.3219436054061791, 0.1275612094451459, 0.1599533926811139, 0.5003448929344957, 0.19429340191900815]",18.0,"[0.2591882516422225, 0.12189468012466678, 0.1599533926811139, 0.3123788331316686, 0.19429340191900815]",
